{"C:\\Users\\user\\Downloads\\mern-testing\\client\\src\\App.jsx": {"path":"C:\\Users\\user\\Downloads\\mern-testing\\client\\src\\App.jsx","statementMap":{"0":{"start":{"line":5,"column":2},"end":{"line":10,"column":4}},"1":{"start":{"line":8,"column":55},"end":{"line":8,"column":81}}},"fnMap":{"0":{"name":"App","decl":{"start":{"line":4,"column":24},"end":{"line":4,"column":27}},"loc":{"start":{"line":4,"column":30},"end":{"line":11,"column":1}},"line":4},"1":{"name":"(anonymous_1)","decl":{"start":{"line":8,"column":49},"end":{"line":8,"column":50}},"loc":{"start":{"line":8,"column":55},"end":{"line":8,"column":81}},"line":8}},"branchMap":{},"s":{"0":0,"1":0},"f":{"0":0,"1":0},"b":{}}
,"C:\\Users\\user\\Downloads\\mern-testing\\client\\src\\index.js": {"path":"C:\\Users\\user\\Downloads\\mern-testing\\client\\src\\index.js","statementMap":{"0":{"start":{"line":6,"column":13},"end":{"line":6,"column":56}},"1":{"start":{"line":7,"column":0},"end":{"line":7,"column":21}}},"fnMap":{},"branchMap":{},"s":{"0":0,"1":0},"f":{},"b":{}}
,"C:\\Users\\user\\Downloads\\mern-testing\\client\\src\\components\\Button.jsx": {"path":"C:\\Users\\user\\Downloads\\mern-testing\\client\\src\\components\\Button.jsx","statementMap":{"0":{"start":{"line":4,"column":14},"end":{"line":4,"column":99}},"1":{"start":{"line":5,"column":2},"end":{"line":5,"column":83}}},"fnMap":{"0":{"name":"Button","decl":{"start":{"line":3,"column":24},"end":{"line":3,"column":30}},"loc":{"start":{"line":3,"column":107},"end":{"line":6,"column":1}},"line":3}},"branchMap":{"0":{"loc":{"start":{"line":3,"column":43},"end":{"line":3,"column":60}},"type":"default-arg","locations":[{"start":{"line":3,"column":51},"end":{"line":3,"column":60}}],"line":3},"1":{"loc":{"start":{"line":3,"column":62},"end":{"line":3,"column":71}},"type":"default-arg","locations":[{"start":{"line":3,"column":67},"end":{"line":3,"column":71}}],"line":3},"2":{"loc":{"start":{"line":3,"column":73},"end":{"line":3,"column":85}},"type":"default-arg","locations":[{"start":{"line":3,"column":83},"end":{"line":3,"column":85}}],"line":3},"3":{"loc":{"start":{"line":4,"column":21},"end":{"line":4,"column":65}},"type":"cond-expr","locations":[{"start":{"line":4,"column":32},"end":{"line":4,"column":46}},{"start":{"line":4,"column":49},"end":{"line":4,"column":65}}],"line":4}},"s":{"0":12,"1":12},"f":{"0":12},"b":{"0":[9],"1":[9],"2":[11],"3":[2,10]},"_coverageSchema":"1a1c01bbd47fc00a2c39e90264f33305004495a9","hash":"ce9741a4abcb87e3d8472c64d0571ab617d443d7"}
}
